# Preference setting overrides
gui_create_pref_key -category {Globals} -key {load_detail_for_funcov} -value_type {bool} -value {false}
gui_create_pref_key -category {Hier} -key {showPowerSwitch} -value_type {bool} -value {false}
gui_create_pref_category -category {dlg_settings}
gui_create_pref_key -category {dlg_settings} -key {tableWithImmediatePopup} -value_type {bool} -value {true}
gui_create_pref_category -category {schem_obj_name}
gui_create_pref_key -category {schem_obj_name} -key {show_cell_and_pin_with_symbol_name} -value_type {bool} -value {false}
gui_create_pref_key -category {schem_pin_hc} -key {textExtFont} -value_type {string} -value {Helvetica,10,-1,5,50,0,0,0,0,0}

# State setting overrides
gui_state_default_create -off -ini
gui_set_state_value -category Globals -key &Trace_toolbar -value false
gui_set_state_value -category Globals -key open_list_inside -value true
gui_set_state_value -category Globals -key open_wave_inside -value true
gui_set_state_value -category Globals -key recent_sessions -value {{gui_load_session -file /afs/ece.cmu.edu/usr/bflores/341/p1/DVEfiles/crash_02.02:15.41/dve_session02.02:15.41.tcl} {gui_load_session -file /afs/ece.cmu.edu/usr/bflores/341/p1/DVEfiles/crash_02.02:11.23/dve_session02.02:11.23.tcl}}
gui_set_state_value -category Layout -key child_console_size_x -value 271
gui_set_state_value -category Layout -key child_console_size_y -value 179
gui_set_state_value -category Layout -key child_data_coltype -value 332
gui_set_state_value -category Layout -key child_data_colvalue -value 308
gui_set_state_value -category Layout -key child_data_colvariable -value 426
gui_set_state_value -category Layout -key child_data_docknewline -value false
gui_set_state_value -category Layout -key child_data_dockstate -value undocked
gui_set_state_value -category Layout -key child_data_pos_x -value {-2}
gui_set_state_value -category Layout -key child_data_pos_y -value {-15}
gui_set_state_value -category Layout -key child_data_showstate -value maximized
gui_set_state_value -category Layout -key child_data_size_x -value 1075
gui_set_state_value -category Layout -key child_data_size_y -value 494
gui_set_state_value -category Layout -key child_driver_showstate -value normal
gui_set_state_value -category Layout -key child_driver_size_x -value 1093
gui_set_state_value -category Layout -key child_driver_size_y -value 179
gui_set_state_value -category Layout -key child_group_size_x -value 213
gui_set_state_value -category Layout -key child_group_size_y -value 409
gui_set_state_value -category Layout -key child_hier_colhier -value 200
gui_set_state_value -category Layout -key child_hier_coltype -value 48
gui_set_state_value -category Layout -key child_hier_docknewline -value false
gui_set_state_value -category Layout -key child_hier_size_x -value 197
gui_set_state_value -category Layout -key child_hier_size_y -value 489
gui_set_state_value -category Layout -key child_hier_sort_order -value 1
gui_set_state_value -category Layout -key child_list_docknewline -value false
gui_set_state_value -category Layout -key child_list_down -value 164
gui_set_state_value -category Layout -key child_list_pos_x -value 2
gui_set_state_value -category Layout -key child_list_pos_y -value 2
gui_set_state_value -category Layout -key child_list_right -value 553
gui_set_state_value -category Layout -key child_list_showstate -value normal
gui_set_state_value -category Layout -key child_list_size_x -value 713
gui_set_state_value -category Layout -key child_list_size_y -value 309
gui_set_state_value -category Layout -key child_schematic_docknewline -value false
gui_set_state_value -category Layout -key child_schematic_pos_x -value {-2}
gui_set_state_value -category Layout -key child_schematic_pos_y -value {-15}
gui_set_state_value -category Layout -key child_schematic_size_x -value 1047
gui_set_state_value -category Layout -key child_schematic_size_y -value 485
gui_set_state_value -category Layout -key child_source_docknewline -value false
gui_set_state_value -category Layout -key child_source_pos_x -value {-2}
gui_set_state_value -category Layout -key child_source_pos_y -value {-15}
gui_set_state_value -category Layout -key child_source_size_x -value 1075
gui_set_state_value -category Layout -key child_source_size_y -value 484
gui_set_state_value -category Layout -key child_watch_size_x -value 1091
gui_set_state_value -category Layout -key child_watch_size_y -value 193
gui_set_state_value -category Layout -key child_wave_colname -value 142
gui_set_state_value -category Layout -key child_wave_colvalue -value 44
gui_set_state_value -category Layout -key child_wave_docknewline -value false
gui_set_state_value -category Layout -key child_wave_left -value 190
gui_set_state_value -category Layout -key child_wave_pos_x -value {-2}
gui_set_state_value -category Layout -key child_wave_pos_y -value {-15}
gui_set_state_value -category Layout -key child_wave_right -value 875
gui_set_state_value -category Layout -key child_wave_size_x -value 1075
gui_set_state_value -category Layout -key child_wave_size_y -value 484
gui_set_state_value -category Layout -key main_pos_x -value 17
gui_set_state_value -category Layout -key main_pos_y -value 30
gui_set_state_value -category Layout -key main_size_x -value 1285
gui_set_state_value -category Layout -key main_size_y -value 797
gui_set_state_value -category Layout -key stand_wave_child_docknewline -value false
gui_set_state_value -category Layout -key stand_wave_child_pos_x -value {-2}
gui_set_state_value -category Layout -key stand_wave_child_pos_y -value {-15}
gui_set_state_value -category Layout -key stand_wave_child_size_x -value 853
gui_set_state_value -category Layout -key stand_wave_child_size_y -value 370
gui_set_state_value -category Layout -key stand_wave_top_pos_x -value 255
gui_set_state_value -category Layout -key stand_wave_top_pos_y -value 274
gui_set_state_value -category Layout -key stand_wave_top_size_x -value 1103
gui_set_state_value -category Layout -key stand_wave_top_size_y -value 772
gui_set_state_value -category Assertion -key failures_limit -value {-1}
gui_set_state_value -category Assertion -key incompletes_limit -value {-1}
gui_set_state_value -category Assertion -key matches_limit -value {-1}
gui_set_state_value -category Assertion -key mismatches_limit -value {-1}
gui_set_state_value -category Assertion -key successes_limit -value {-1}
gui_set_state_value -category Driver -key driver_add_to_wave -value true
gui_create_state_key -category FindDialog -key m_pMatchCase -value_type bool -value false
gui_create_state_key -category FindDialog -key m_pMatchWord -value_type bool -value false
gui_create_state_key -category FindDialog -key m_pUseCombo -value_type string -value {}
gui_create_state_key -category FindDialog -key m_pWrapAround -value_type bool -value true
gui_create_state_key -category SearchDialog -key MatchCase -value_type bool -value false
gui_create_state_key -category SearchDialog -key MatchWord -value_type bool -value true
gui_create_state_key -category SearchDialog -key SearchMode -value_type string -value Wildcards
gui_create_state_key -category SearchDialog -key UseCombo -value_type bool -value true
gui_create_state_key -category Widget_History -key {dlgSimSetup|m_setupTab|tab pages|BuildTab|m_rebuildBtnGroup|m_customCmdCombo} -value_type string -value {{make ./simv} {vcs -debug_all -sverilog -R ../top.sv ../node.sv ../router.sv ../TA_tb_simple.sv.e} {vcs -sverilog -R ../top.sv ../node.sv ../router.sv ../TA_tb_simple.sv.e} {vcs -debbug_all -sverilog -R ../top.sv ../node.sv ../router.sv ../TA_tb_simple.sv.e}}
gui_create_state_key -category Widget_History -key {dlgSimSetup|m_setupTab|tab pages|BuildTab|m_rebuildBtnGroup|m_customDirCombo} -value_type string -value /afs/ece.cmu.edu/usr/bflores/341/p2/work/
gui_create_state_key -category Widget_History -key {dlgSimSetup|m_setupTab|tab pages|SimTab|m_VPDCombo} -value_type string -value inter.vpd
gui_create_state_key -category Widget_History -key {dlgSimSetup|m_setupTab|tab pages|SimTab|m_argsCombo} -value_type string -value {{ -ucligui} {-ucligui }}
gui_create_state_key -category Widget_History -key {dlgSimSetup|m_setupTab|tab pages|SimTab|m_curDirCombo} -value_type string -value {/afs/ece.cmu.edu/usr/bflores/341/p4/mywork /afs/ece.cmu.edu/usr/bflores/341/p3/work /afs/ece.cmu.edu/usr/bflores/341/p2/work /afs/ece.cmu.edu/usr/bflores/341/hw1/work /afs/ece.cmu.edu/usr/bflores/341/p1/work}
gui_create_state_key -category Widget_History -key {dlgSimSetup|m_setupTab|tab pages|SimTab|m_exeCombo} -value_type string -value {/afs/ece.cmu.edu/usr/bflores/341/p4/mywork/simv ./simv /afs/ece.cmu.edu/usr/bflores/341/p3/work/simv /afs/ece.cmu.edu/usr/bflores/341/p2/work/simv /afs/ece.cmu.edu/usr/bflores/341/hw1/work/simv}
gui_state_default_create -off

# Begin command logging
gui_sim_run Ucli -exe ./simv -args {-ucligui  } -dir .
gui_list_expand -id  Hier.1   tb
gui_list_select -id Hier.1 -selected  { tb.pq   }
gui_list_select_all -id Data.1
gui_list_select -id Data.1 -selected  { {tb.pq.top[7:0]}   }
gui_list_select_all -id Data.1
gui_open_window Wave
gui_list_add -id Wave.1 -from Data.1 { {tb.pq.newVal[7:0]} tb.pq.ck tb.pq.r tb.pq.clear tb.pq.loadIn tb.pq.shiftOut {tb.pq.top[7:0]} {tb.pq.sel1[1:0]} {tb.pq.sel2[1:0]} {tb.pq.sel3[1:0]} {tb.pq.sel4[1:0]} {tb.pq.sel5[1:0]} {tb.pq.sel6[1:0]} {tb.pq.zero[7:0]} {tb.pq.r2_out[7:0]} {tb.pq.r3_out[7:0]} {tb.pq.r4_out[7:0]} {tb.pq.r5_out[7:0]} {tb.pq.r6_out[7:0]} {tb.pq.W[31:0]} } -insertionbar
gui_sim_continue  
gui_wv_scroll_hslidermove -id  Wave.1 0
gui_wv_zoom_timerange -id  Wave.1 17 98
gui_zoom -window  Wave.1  -full
gui_wv_zoom_timerange -id  Wave.1 0 714
gui_wv_zoom_timerange -id  Wave.1 0 165
gui_zoom -window  Wave.1  -factor 2
gui_zoom -window  Wave.1  -factor 2
gui_zoom -window  Wave.1  -factor 0.5
gui_wv_scroll_hslidermove -id  Wave.1 0
gui_zoom -window  Wave.1  -factor 0.5
gui_zoom -window  Wave.1  -factor 0.5
gui_set_env SIMSETUP::SIMCURRENTDIR /afs/ece.cmu.edu/usr/bflores/341/p4/mywork
gui_sim_restart -build /afs/ece.cmu.edu/usr/bflores/341/p4/mywork/simv.daidir/vcs_rebuild
gui_sim_continue  
gui_wv_scroll_hslidermove -id  Wave.1 12665
gui_wv_scrollleft -id  Wave.1  page
gui_wv_scrollleft -id  Wave.1  page
gui_wv_scrollleft -id  Wave.1  page
gui_wv_scrollleft -id  Wave.1  page
gui_wv_scrollleft -id  Wave.1  page
gui_wv_scrollleft -id  Wave.1  page
gui_wv_scrollleft -id  Wave.1  page
gui_wv_scrollleft -id  Wave.1  page
gui_wv_scrollleft -id  Wave.1  page
gui_wv_scrollleft -id  Wave.1  page
gui_wv_scrollleft -id  Wave.1  page
gui_wv_scrollleft -id  Wave.1  page
gui_wv_scrollleft -id  Wave.1  page
gui_wv_scrollleft -id  Wave.1  page
gui_wv_scrollleft -id  Wave.1  page
gui_wv_scroll_hslidermove -id  Wave.1 0
gui_wv_scroll_vslidermove -id  Wave.1 170
gui_wv_scroll_vslidermove -id  Wave.1 0
gui_zoom -window Wave.1 -full
gui_zoom -window  Wave.1  -factor 0.5
gui_zoom -window  Wave.1  -factor 2
gui_zoom -window  Wave.1  -factor 2
gui_zoom -window  Wave.1  -factor 2
gui_zoom -window  Wave.1  -factor 2
gui_zoom -window  Wave.1  -factor 2
gui_wv_scroll_hslidermove -id  Wave.1 0
gui_sim_restart -build /afs/ece.cmu.edu/usr/bflores/341/p4/mywork/simv.daidir/vcs_rebuild
gui_sim_restart -build /afs/ece.cmu.edu/usr/bflores/341/p4/mywork/simv.daidir/vcs_rebuild
gui_list_select -id Hier.1 -selected  { tb.pq   }
gui_list_select -id Data.1 -selected  { {tb.pq.number[5:0]}   }
gui_list_add -id Wave.1 -from Data.1 { {tb.pq.number[5:0]} } -insertionbar
gui_wv_scroll_vslidermove -id  Wave.1 195
gui_list_select -id Wave.1 -selected  { {tb.pq.number[5:0]}   }
gui_list_move  -id  Wave.1    -sid  Wave.1   -after {tb.pq.top[7:0]} {{tb.pq.number[5:0]}} 
gui_sim_continue  
gui_wv_scroll_hslidermove -id  Wave.1 0
gui_zoom -window  Wave.1  -factor 2
gui_zoom -window  Wave.1  -factor 0.5
gui_list_set_selected_property -id Wave.1 -radix binary
gui_sim_restart -build /afs/ece.cmu.edu/usr/bflores/341/p4/mywork/simv.daidir/vcs_rebuild
gui_sim_continue  
gui_wv_scroll_hslidermove -id  Wave.1 0
gui_sim_restart -build /afs/ece.cmu.edu/usr/bflores/341/p4/mywork/simv.daidir/vcs_rebuild
gui_list_select -id Hier.1 -selected  {  }
gui_sim_continue  
gui_wv_scroll_hslidermove -id  Wave.1 0
gui_sim_restart -build /afs/ece.cmu.edu/usr/bflores/341/p4/mywork/simv.daidir/vcs_rebuild
gui_sim_continue  
gui_wv_scroll_hslidermove -id  Wave.1 0
gui_marker_move -id  Wave.1 C1 25
gui_scroll -window Wave.1 -hrel .2
gui_scroll -window Wave.1 -hrel .2
gui_scroll -window Wave.1 -hrel -.2
gui_scroll -window Wave.1 -hrel -.2
gui_scroll -window Wave.1 -hrel -.2
gui_marker_move -id  Wave.1 C1 66
gui_marker_move -id  Wave.1 C1 73
gui_scroll -window Wave.1 -vrel .2
gui_scroll -window Wave.1 -vrel .2
gui_scroll -window Wave.1 -vrel .2
gui_scroll -window Wave.1 -vrel .2
gui_scroll -window Wave.1 -vrel .2
gui_scroll -window Wave.1 -vrel .2
gui_scroll -window Wave.1 -vrel .2
gui_scroll -window Wave.1 -vrel .2
gui_scroll -window Wave.1 -vrel .2
