# Preference setting overrides
gui_create_pref_key -category {Globals} -key {load_detail_for_funcov} -value_type {bool} -value {false}
gui_create_pref_key -category {Hier} -key {showPowerSwitch} -value_type {bool} -value {false}
gui_create_pref_category -category {dlg_settings}
gui_create_pref_key -category {dlg_settings} -key {tableWithImmediatePopup} -value_type {bool} -value {true}
gui_create_pref_category -category {schem_obj_name}
gui_create_pref_key -category {schem_obj_name} -key {show_cell_and_pin_with_symbol_name} -value_type {bool} -value {false}
gui_create_pref_key -category {schem_pin_hc} -key {textExtFont} -value_type {string} -value {Helvetica,10,-1,5,50,0,0,0,0,0}

# State setting overrides
gui_state_default_create -off -ini
gui_set_state_value -category Globals -key &Trace_toolbar -value false
gui_set_state_value -category Globals -key open_list_inside -value true
gui_set_state_value -category Globals -key open_wave_inside -value true
gui_set_state_value -category Globals -key recent_sessions -value {{gui_load_session -file /afs/ece.cmu.edu/usr/bflores/341/p1/DVEfiles/crash_02.02:15.41/dve_session02.02:15.41.tcl} {gui_load_session -file /afs/ece.cmu.edu/usr/bflores/341/p1/DVEfiles/crash_02.02:11.23/dve_session02.02:11.23.tcl}}
gui_set_state_value -category Layout -key child_console_size_x -value 1270
gui_set_state_value -category Layout -key child_console_size_y -value 171
gui_set_state_value -category Layout -key child_data_coltype -value 329
gui_set_state_value -category Layout -key child_data_colvalue -value 305
gui_set_state_value -category Layout -key child_data_colvariable -value 423
gui_set_state_value -category Layout -key child_data_docknewline -value false
gui_set_state_value -category Layout -key child_data_dockstate -value undocked
gui_set_state_value -category Layout -key child_data_pos_x -value {-2}
gui_set_state_value -category Layout -key child_data_pos_y -value {-15}
gui_set_state_value -category Layout -key child_data_showstate -value maximized
gui_set_state_value -category Layout -key child_data_size_x -value 1075
gui_set_state_value -category Layout -key child_data_size_y -value 669
gui_set_state_value -category Layout -key child_driver_showstate -value normal
gui_set_state_value -category Layout -key child_driver_size_x -value 1093
gui_set_state_value -category Layout -key child_driver_size_y -value 179
gui_set_state_value -category Layout -key child_group_size_x -value 213
gui_set_state_value -category Layout -key child_group_size_y -value 409
gui_set_state_value -category Layout -key child_hier_colhier -value 200
gui_set_state_value -category Layout -key child_hier_coltype -value 48
gui_set_state_value -category Layout -key child_hier_docknewline -value false
gui_set_state_value -category Layout -key child_hier_size_x -value 199
gui_set_state_value -category Layout -key child_hier_size_y -value 674
gui_set_state_value -category Layout -key child_hier_sort_order -value 1
gui_set_state_value -category Layout -key child_list_docknewline -value false
gui_set_state_value -category Layout -key child_list_down -value 164
gui_set_state_value -category Layout -key child_list_pos_x -value 2
gui_set_state_value -category Layout -key child_list_pos_y -value 2
gui_set_state_value -category Layout -key child_list_right -value 553
gui_set_state_value -category Layout -key child_list_showstate -value normal
gui_set_state_value -category Layout -key child_list_size_x -value 713
gui_set_state_value -category Layout -key child_list_size_y -value 309
gui_set_state_value -category Layout -key child_schematic_docknewline -value false
gui_set_state_value -category Layout -key child_schematic_pos_x -value {-2}
gui_set_state_value -category Layout -key child_schematic_pos_y -value {-15}
gui_set_state_value -category Layout -key child_schematic_size_x -value 1047
gui_set_state_value -category Layout -key child_schematic_size_y -value 485
gui_set_state_value -category Layout -key child_source_docknewline -value false
gui_set_state_value -category Layout -key child_source_pos_x -value {-2}
gui_set_state_value -category Layout -key child_source_pos_y -value {-15}
gui_set_state_value -category Layout -key child_source_size_x -value 1075
gui_set_state_value -category Layout -key child_source_size_y -value 669
gui_set_state_value -category Layout -key child_watch_size_x -value 1091
gui_set_state_value -category Layout -key child_watch_size_y -value 193
gui_set_state_value -category Layout -key child_wave_colname -value 198
gui_set_state_value -category Layout -key child_wave_colvalue -value 111
gui_set_state_value -category Layout -key child_wave_docknewline -value false
gui_set_state_value -category Layout -key child_wave_left -value 311
gui_set_state_value -category Layout -key child_wave_pos_x -value {-2}
gui_set_state_value -category Layout -key child_wave_pos_y -value {-15}
gui_set_state_value -category Layout -key child_wave_right -value 754
gui_set_state_value -category Layout -key child_wave_size_x -value 1075
gui_set_state_value -category Layout -key child_wave_size_y -value 669
gui_set_state_value -category Layout -key main_pos_x -value 9
gui_set_state_value -category Layout -key main_pos_y -value 52
gui_set_state_value -category Layout -key main_size_x -value 1279
gui_set_state_value -category Layout -key main_size_y -value 1004
gui_set_state_value -category Layout -key stand_wave_child_docknewline -value false
gui_set_state_value -category Layout -key stand_wave_child_pos_x -value {-2}
gui_set_state_value -category Layout -key stand_wave_child_pos_y -value {-15}
gui_set_state_value -category Layout -key stand_wave_child_size_x -value 853
gui_set_state_value -category Layout -key stand_wave_child_size_y -value 370
gui_set_state_value -category Layout -key stand_wave_top_pos_x -value 255
gui_set_state_value -category Layout -key stand_wave_top_pos_y -value 274
gui_set_state_value -category Layout -key stand_wave_top_size_x -value 1103
gui_set_state_value -category Layout -key stand_wave_top_size_y -value 772
gui_set_state_value -category Assertion -key failures_limit -value {-1}
gui_set_state_value -category Assertion -key incompletes_limit -value {-1}
gui_set_state_value -category Assertion -key matches_limit -value {-1}
gui_set_state_value -category Assertion -key mismatches_limit -value {-1}
gui_set_state_value -category Assertion -key successes_limit -value {-1}
gui_set_state_value -category Driver -key driver_add_to_wave -value true
gui_create_state_key -category FindDialog -key m_pMatchCase -value_type bool -value false
gui_create_state_key -category FindDialog -key m_pMatchWord -value_type bool -value false
gui_create_state_key -category FindDialog -key m_pUseCombo -value_type string -value {}
gui_create_state_key -category FindDialog -key m_pWrapAround -value_type bool -value true
gui_create_state_key -category SearchDialog -key MatchCase -value_type bool -value false
gui_create_state_key -category SearchDialog -key MatchWord -value_type bool -value true
gui_create_state_key -category SearchDialog -key SearchMode -value_type string -value Wildcards
gui_create_state_key -category SearchDialog -key UseCombo -value_type bool -value true
gui_create_state_key -category Widget_History -key {dlgSimSetup|m_setupTab|tab pages|BuildTab|m_rebuildBtnGroup|m_customCmdCombo} -value_type string -value {{make ./simv} {vcs -debug_all -sverilog -R ../top.sv ../node.sv ../router.sv ../TA_tb_simple.sv.e} {vcs -sverilog -R ../top.sv ../node.sv ../router.sv ../TA_tb_simple.sv.e} {vcs -debbug_all -sverilog -R ../top.sv ../node.sv ../router.sv ../TA_tb_simple.sv.e}}
gui_create_state_key -category Widget_History -key {dlgSimSetup|m_setupTab|tab pages|BuildTab|m_rebuildBtnGroup|m_customDirCombo} -value_type string -value /afs/ece.cmu.edu/usr/bflores/341/p2/work/
gui_create_state_key -category Widget_History -key {dlgSimSetup|m_setupTab|tab pages|SimTab|m_VPDCombo} -value_type string -value inter.vpd
gui_create_state_key -category Widget_History -key {dlgSimSetup|m_setupTab|tab pages|SimTab|m_argsCombo} -value_type string -value {{ -ucligui} {-ucligui }}
gui_create_state_key -category Widget_History -key {dlgSimSetup|m_setupTab|tab pages|SimTab|m_curDirCombo} -value_type string -value {/afs/ece.cmu.edu/usr/bflores/341/p3/work /afs/ece.cmu.edu/usr/bflores/341/p2/work /afs/ece.cmu.edu/usr/bflores/341/hw1/work /afs/ece.cmu.edu/usr/bflores/341/p1/work /afs/ece.cmu.edu/usr/bflores/341/p1}
gui_create_state_key -category Widget_History -key {dlgSimSetup|m_setupTab|tab pages|SimTab|m_exeCombo} -value_type string -value {./simv /afs/ece.cmu.edu/usr/bflores/341/p3/work/simv /afs/ece.cmu.edu/usr/bflores/341/p2/work/simv /afs/ece.cmu.edu/usr/bflores/341/hw1/work/simv /afs/ece.cmu.edu/usr/bflores/341/p1/work/simv}
gui_state_default_create -off

# Begin command logging
gui_set_pref_value -category {Globals} -key {smart_resize} -value {false}
gui_set_pref_value -category {Globals} -key {smart_resize} -value {true}
gui_sim_run Ucli -exe ./simv -args {-ucligui  } -dir .
gui_list_select -id Data.1 -selected  { {top.unnamed$$_10}   }
gui_list_action -id  Data.1 {top.unnamed$$_10}
gui_open_window Wave
gui_list_add -id Wave.1 -from Data.1 { {top.unnamed$$_10} } -insertionbar
gui_sim_continue  
gui_list_expand -id  Wave.1   {top.unnamed$$_10}
gui_sim_restart
gui_sim_continue  
gui_wv_scroll_hslidermove -id  Wave.1 3220
gui_list_select -id Wave.1 -selected  { top.protocolError   }
gui_wv_scroll_hslidermove -id  Wave.1 3191
gui_wv_scroll_hslidermove -id  Wave.1 3073
gui_marker_move -id  Wave.1 C1 1061
gui_marker_select -id  Wave.1 { C1 }
gui_marker_move -id  Wave.1 C1 1052
gui_marker_move -id  Wave.1 C1 1056
gui_marker_move -id  Wave.1 C1 1049
gui_marker_move -id  Wave.1 C1 1045
gui_marker_move -id  Wave.1 C1 1145
gui_wv_scroll_hslidermove -id  Wave.1 2803
gui_marker_move -id  Wave.1 C1 1007
gui_marker_move -id  Wave.1 C1 1005
gui_marker_move -id  Wave.1 C1 1075
gui_marker_move -id  Wave.1 C1 1085
gui_marker_move -id  Wave.1 C1 1085
gui_marker_move -id  Wave.1 C1 1095
gui_marker_move -id  Wave.1 C1 1085
gui_set_env SIMSETUP::SIMCURRENTDIR /afs/ece.cmu.edu/usr/bflores/341/p3/work
gui_sim_restart -build /afs/ece.cmu.edu/usr/bflores/341/p3/work/simv.daidir/vcs_rebuild
gui_sim_continue  
gui_wv_scroll_hslidermove -id  Wave.1 3021
gui_marker_move -id  Wave.1 C1 1218
gui_sim_restart -build /afs/ece.cmu.edu/usr/bflores/341/p3/work/simv.daidir/vcs_rebuild
gui_sim_continue  
gui_wv_scroll_hslidermove -id  Wave.1 2915
gui_sim_restart -build /afs/ece.cmu.edu/usr/bflores/341/p3/work/simv.daidir/vcs_rebuild
gui_sim_continue  
gui_wv_scroll_hslidermove -id  Wave.1 2797
gui_marker_move -id  Wave.1 C1 1007
gui_marker_move -id  Wave.1 C1 1010
gui_marker_move -id  Wave.1 C1 1013
gui_marker_move -id  Wave.1 C1 1018
gui_marker_move -id  Wave.1 C1 1016
gui_marker_move -id  Wave.1 C1 1015
gui_wv_zoom_timerange -id  Wave.1 1002 1014
gui_wv_zoom_timerange -id  Wave.1 1004 1265
gui_wv_scroll_hslidermove -id  Wave.1 2703
gui_marker_move -id  Wave.1 C1 1019
gui_marker_move -id  Wave.1 C1 1018
gui_wv_zoom_timerange -id  Wave.1 1035 1049
gui_marker_move -id  Wave.1 C1 1039
gui_wv_zoom_timerange -id  Wave.1 1036 1049
gui_wv_zoom_timerange -id  Wave.1 929 1265
gui_marker_move -id  Wave.1 C1 1055
gui_marker_move -id  Wave.1 C1 1045
gui_marker_move -id  Wave.1 C1 1025
gui_wv_zoom_timerange -id  Wave.1 989 1086
gui_marker_move -id  Wave.1 C1 1025
gui_marker_move -id  Wave.1 C1 1025
gui_marker_move -id  Wave.1 C1 1025
gui_marker_move -id  Wave.1 C1 1033
gui_marker_move -id  Wave.1 C1 1019
gui_marker_move -id  Wave.1 C1 1010
gui_marker_move -id  Wave.1 C1 1015
gui_marker_move -id  Wave.1 C1 1012
gui_marker_move -id  Wave.1 C1 1010
gui_marker_move -id  Wave.1 C1 1025
gui_marker_move -id  Wave.1 C1 1030
gui_marker_move -id  Wave.1 C1 1025
gui_scroll -window Wave.1 -vrel .2
gui_scroll -window Wave.1 -vrel -.2
gui_sim_restart -build /afs/ece.cmu.edu/usr/bflores/341/p3/work/simv.daidir/vcs_rebuild
gui_list_select -id Data.1 -selected  { {top.testProtocol.unnamed$$_0}   }
gui_list_select -id Data.1 -selected  { {top.testProtocol.unnamed$$_1}   }
gui_list_select -id Data.1 -selected  { {top.testProtocol.unnamed$$_0}   }
gui_list_select -id Data.1 -selected  { {top.testProtocol.unnamed$$_0}  {top.testProtocol.unnamed$$_1}  {top.testProtocol.unnamed$$_2}  {top.testProtocol.unnamed$$_3}  {top.testProtocol.unnamed$$_4}  {top.testProtocol.unnamed$$_5}  {top.testProtocol.unnamed$$_6}  {top.testProtocol.unnamed$$_7}  {top.testProtocol.unnamed$$_8}  {top.testProtocol.unnamed$$_9}   }
gui_list_select -id Data.1 { {top.testProtocol.unnamed$$_10}   }
gui_list_select -id Data.1 { {top.testProtocol.unnamed$$_11}   }
gui_list_add -id Wave.1 -from Data.1 { {top.testProtocol.unnamed$$_0} {top.testProtocol.unnamed$$_1} {top.testProtocol.unnamed$$_2} {top.testProtocol.unnamed$$_3} {top.testProtocol.unnamed$$_4} {top.testProtocol.unnamed$$_5} {top.testProtocol.unnamed$$_6} {top.testProtocol.unnamed$$_7} {top.testProtocol.unnamed$$_8} {top.testProtocol.unnamed$$_9} {top.testProtocol.unnamed$$_10} {top.testProtocol.unnamed$$_11} } -insertionbar
gui_list_collapse -id  Wave.1   {top.unnamed$$_10}
gui_list_select -id Wave.1 -selected  { {top.unnamed$$_10}   }
gui_delete_selected -id  Wave.1
gui_list_select -id Wave.1 -selected  { {top.testProtocol.unnamed$$_0}   }
gui_list_select -id Data.1 -selected  { {top.result[15:0]}   }
gui_list_select -id Data.1 { top.stackOverflow  {top.inputQ_size[5:0]}  top.ck  top.protocolError  {top.intA[15:0]}  {top.intB[15:0]}  {top.intC[15:0]}  {top.intD[15:0]}  {top.intE[15:0]}  {top.intF[15:0]}  top.unexpectedDone  top.dataOverflow  top.rst_l  {top.test_indicator[5:0]}  top.finished  top.specialCase  top.data  top.correct   }
gui_list_add -id Wave.1 -from Data.1 { {top.result[15:0]} top.stackOverflow {top.inputQ_size[5:0]} top.ck top.protocolError {top.intA[15:0]} {top.intB[15:0]} {top.intC[15:0]} {top.intD[15:0]} {top.intE[15:0]} {top.intF[15:0]} top.unexpectedDone top.dataOverflow top.rst_l {top.test_indicator[5:0]} top.finished top.specialCase top.data top.correct } -insertionbar
gui_sim_continue  
gui_wv_scroll_vslidermove -id  Wave.1 0
gui_wv_scroll_hslidermove -id  Wave.1 8457
gui_list_action -id  Wave.1 {top.testProtocol.unnamed$$_0}
gui_wv_scroll_vslidermove -id  Wave.1 22
gui_sim_restart -build /afs/ece.cmu.edu/usr/bflores/341/p3/work/simv.daidir/vcs_rebuild
gui_sim_continue  
gui_list_select -id Wave.1 -selected  { {top.testProtocol.unnamed$$_4}   }
gui_list_action -id  Wave.1 {top.testProtocol.unnamed$$_4}
gui_wv_scroll_vslidermove -id  Wave.1 122
gui_wv_scroll_vslidermove -id  Wave.1 170
gui_wv_scroll_vslidermove -id  Wave.1 96
gui_marker_move -id  Wave.1 C1 1225
gui_list_select -id Wave.1 -selected  { {top.testProtocol.unnamed$$_8}   }
gui_list_action -id  Wave.1 {top.testProtocol.unnamed$$_8}
gui_list_select -id Wave.1 -selected  { {top.testProtocol.unnamed$$_4}   }
gui_list_action -id  Wave.1 {top.testProtocol.unnamed$$_4}
gui_wv_scroll_vslidermove -id  Wave.1 0
gui_list_select -id Wave.1 -selected  { {top.testProtocol.unnamed$$_0}   }
gui_list_action -id  Wave.1 {top.testProtocol.unnamed$$_0}
gui_sim_restart -build /afs/ece.cmu.edu/usr/bflores/341/p3/work/simv.daidir/vcs_rebuild
gui_sim_continue  
gui_wv_scroll_hslidermove -id  Wave.1 6716
gui_wv_scroll_vslidermove -id  Wave.1 132
gui_wv_scroll_vslidermove -id  Wave.1 146
gui_wv_scroll_hslidermove -id  Wave.1 7276
gui_wv_scroll_vslidermove -id  Wave.1 331
gui_wv_scroll_vslidermove -id  Wave.1 367
gui_wv_scroll_hslidermove -id  Wave.1 6453
gui_wv_scroll_vslidermove -id  Wave.1 243
gui_wv_scroll_hslidermove -id  Wave.1 5712
gui_wv_scrollup -id  Wave.1  line
gui_wv_scrollup -id  Wave.1  line
gui_wv_scrollup -id  Wave.1  line
gui_wv_scrollup -id  Wave.1  line
gui_wv_scrollup -id  Wave.1  line
gui_wv_scroll_hslidermove -id  Wave.1 2798
gui_wv_scrolldown -id  Wave.1  line
gui_wv_scrolldown -id  Wave.1  line
gui_wv_scrolldown -id  Wave.1  line
gui_wv_scrolldown -id  Wave.1  line
gui_wv_scrolldown -id  Wave.1  line
gui_wv_scrolldown -id  Wave.1  line
gui_wv_scrolldown -id  Wave.1  line
gui_wv_scrolldown -id  Wave.1  line
gui_wv_scrolldown -id  Wave.1  line
gui_wv_scrolldown -id  Wave.1  line
gui_wv_scrolldown -id  Wave.1  line
gui_wv_scrolldown -id  Wave.1  line
gui_wv_scrolldown -id  Wave.1  line
gui_wv_scrolldown -id  Wave.1  line
gui_wv_scrolldown -id  Wave.1  line
gui_wv_scrolldown -id  Wave.1  line
gui_wv_scrolldown -id  Wave.1  line
gui_wv_scrolldown -id  Wave.1  line
gui_wv_scrolldown -id  Wave.1  line
gui_wv_scrolldown -id  Wave.1  line
gui_wv_scrolldown -id  Wave.1  line
gui_wv_scrolldown -id  Wave.1  line
gui_wv_scrolldown -id  Wave.1  line
gui_wv_scrolldown -id  Wave.1  line
gui_wv_scrolldown -id  Wave.1  line
gui_marker_move -id  Wave.1 C1 440
gui_marker_move -id  Wave.1 C1 443
gui_wv_scroll_vslidermove -id  Wave.1 367
gui_wv_scroll_vslidermove -id  Wave.1 367
gui_wv_scroll_vslidermove -id  Wave.1 367
gui_wv_scroll_vslidermove -id  Wave.1 365
gui_wv_scroll_vslidermove -id  Wave.1 367
gui_wv_scroll_vslidermove -id  Wave.1 184
gui_marker_move -id  Wave.1 C1 445
gui_wv_scroll_vslidermove -id  Wave.1 367
gui_zoom -window Wave.1 -full
gui_sim_restart -build /afs/ece.cmu.edu/usr/bflores/341/p3/work/simv.daidir/vcs_rebuild
gui_marker_move -id  Wave.1 C1 1513
gui_sim_continue  
gui_wv_zoom_timerange -id  Wave.1 764 1606
gui_wv_zoom_timerange -id  Wave.1 764 2637
gui_zoom -window  Wave.1  -full
gui_wv_zoom_timerange -id  Wave.1 240 695
gui_scroll -window Wave.1 -vrel -.2
gui_scroll -window Wave.1 -vrel -.2
gui_scroll -window Wave.1 -vrel -.2
gui_scroll -window Wave.1 -vrel -.2
gui_scroll -window Wave.1 -vrel -.2
gui_wv_zoom_timerange -id  Wave.1 240 671
gui_marker_move -id  Wave.1 C1 465
gui_wv_scroll_vslidermove -id  Wave.1 311
gui_wv_scroll_vslidermove -id  Wave.1 251
gui_wv_scroll_hslidermove -id  Wave.1 718
gui_wv_scroll_vslidermove -id  Wave.1 152
gui_wv_scroll_vslidermove -id  Wave.1 367
gui_wv_scroll_hslidermove -id  Wave.1 679
gui_marker_move -id  Wave.1 C1 485
gui_wv_scroll_hslidermove -id  Wave.1 996
gui_marker_move -id  Wave.1 C1 725
gui_marker_move -id  Wave.1 C1 735
gui_marker_move -id  Wave.1 C1 731
gui_marker_move -id  Wave.1 C1 748
gui_wv_scroll_vslidermove -id  Wave.1 241
gui_wv_scroll_vslidermove -id  Wave.1 255
gui_wv_scroll_vslidermove -id  Wave.1 367
gui_wv_zoom_timerange -id  Wave.1 648 679
gui_zoom -window  Wave.1  -full
gui_wv_zoom_timerange -id  Wave.1 530 835
gui_list_select -id Data.1 -selected  { top.dataOverflow   }
gui_sim_restart -build /afs/ece.cmu.edu/usr/bflores/341/p3/work/simv.daidir/vcs_rebuild
gui_sim_continue  
gui_wv_scroll_hslidermove -id  Wave.1 2332
gui_wv_scroll_vslidermove -id  Wave.1 231
gui_wv_scroll_hslidermove -id  Wave.1 2199
gui_wv_scroll_hslidermove -id  Wave.1 1578
gui_wv_scroll_vslidermove -id  Wave.1 367
gui_sim_restart -build /afs/ece.cmu.edu/usr/bflores/341/p3/work/simv.daidir/vcs_rebuild
gui_sim_continue  
gui_wv_scroll_hslidermove -id  Wave.1 973
gui_wv_scroll_hslidermove -id  Wave.1 1275
gui_wv_scroll_vslidermove -id  Wave.1 367
gui_wv_scroll_vslidermove -id  Wave.1 154
gui_wv_scrolldown -id  Wave.1  line
gui_wv_scrolldown -id  Wave.1  line
gui_wv_scrolldown -id  Wave.1  line
gui_wv_scrolldown -id  Wave.1  line
gui_wv_scrolldown -id  Wave.1  line
gui_wv_scrolldown -id  Wave.1  line
gui_wv_scrolldown -id  Wave.1  line
gui_wv_scrolldown -id  Wave.1  line
gui_list_select -id Wave.1 -selected  { top.data   }
gui_list_move  -id  Wave.1    -sid  Wave.1   -after top.protocolError {{top.data}} 
gui_wv_scroll_vslidermove -id  Wave.1 205
gui_marker_move -id  Wave.1 C1 495
gui_wv_scroll_vslidermove -id  Wave.1 205
gui_wv_scroll_vslidermove -id  Wave.1 359
gui_wv_scroll_vslidermove -id  Wave.1 201
gui_list_select -id Wave.1 -selected  { {top.result[15:0]}   }
gui_wv_scroll_hslidermove -id  Wave.1 1160
gui_wv_scroll_hslidermove -id  Wave.1 1275
gui_sim_restart -build /afs/ece.cmu.edu/usr/bflores/341/p3/work/simv.daidir/vcs_rebuild
gui_sim_continue  
gui_wv_scroll_hslidermove -id  Wave.1 1965
gui_wv_scroll_vslidermove -id  Wave.1 245
gui_wv_scroll_hslidermove -id  Wave.1 1290
gui_zoom -window Wave.1 -full
gui_wv_zoom_timerange -id  Wave.1 528 1371
gui_wv_scroll_hslidermove -id  Wave.1 701
gui_wv_zoom_timerange -id  Wave.1 983 1245
gui_wv_scroll_hslidermove -id  Wave.1 1494
gui_marker_move -id  Wave.1 C1 555
gui_wv_scroll_hslidermove -id  Wave.1 1398
gui_sim_restart -build /afs/ece.cmu.edu/usr/bflores/341/p3/work/simv.daidir/vcs_rebuild
gui_sim_continue  
gui_wv_scroll_hslidermove -id  Wave.1 1705
gui_zoom -window Wave.1 -full
gui_zoom -window Wave.1 -full
gui_wv_scroll_vslidermove -id  Wave.1 367
gui_sim_restart -build /afs/ece.cmu.edu/usr/bflores/341/p3/work/simv.daidir/vcs_rebuild
gui_sim_continue  
gui_wv_scroll_hslidermove -id  Wave.1 0
gui_wv_scroll_vslidermove -id  Wave.1 158
gui_wv_zoom_timerange -id  Wave.1 919 1498
gui_wv_scroll_hslidermove -id  Wave.1 686
gui_wv_zoom_timerange -id  Wave.1 583 912
gui_wv_scroll_hslidermove -id  Wave.1 1865
gui_list_select -id Wave.1 -selected  { {top.testProtocol.unnamed$$_8}   }
gui_scroll -window Wave.1 -vrel -.2
gui_scroll -window Wave.1 -vrel -.2
gui_scroll -window Wave.1 -vrel -.2
gui_scroll -window Wave.1 -vrel -.2
gui_scroll -window Wave.1 -vrel -.2
gui_scroll -window Wave.1 -vrel -.2
gui_scroll -window Wave.1 -vrel -.2
gui_scroll -window Wave.1 -vrel -.2
gui_scroll -window Wave.1 -vrel -.2
gui_scroll -window Wave.1 -vrel -.2
gui_scroll -window Wave.1 -vrel -.2
gui_scroll -window Wave.1 -vrel -.2
gui_scroll -window Wave.1 -vrel -.2
gui_scroll -window Wave.1 -vrel -.2
gui_scroll -window Wave.1 -vrel -.2
gui_scroll -window Wave.1 -vrel -.2
gui_scroll -window Wave.1 -vrel -.2
gui_scroll -window Wave.1 -vrel -.2
gui_scroll -window Wave.1 -vrel -.2
gui_scroll -window Wave.1 -vrel -.2
gui_scroll -window Wave.1 -vrel -.2
gui_scroll -window Wave.1 -vrel -.2
gui_scroll -window Wave.1 -vrel -.2
gui_scroll -window Wave.1 -vrel -.2
gui_scroll -window Wave.1 -vrel -.2
gui_scroll -window Wave.1 -vrel -.2
gui_scroll -window Wave.1 -vrel -.2
gui_scroll -window Wave.1 -vrel -.2
gui_scroll -window Wave.1 -vrel -.2
gui_scroll -window Wave.1 -vrel -.2
gui_list_select -id Wave.1 -selected  { {top.testProtocol.unnamed$$_0}  {top.testProtocol.unnamed$$_1}  {top.testProtocol.unnamed$$_2}  {top.testProtocol.unnamed$$_3}  {top.testProtocol.unnamed$$_4}  {top.testProtocol.unnamed$$_5}  {top.testProtocol.unnamed$$_6}  {top.testProtocol.unnamed$$_7}  {top.testProtocol.unnamed$$_8}   }
gui_delete_selected -id  Wave.1
gui_list_select -id Wave.1 -selected  { {top.result[15:0]}   }
gui_list_select -id Data.1 -selected  { {top.unnamed$$_1}   }
gui_list_select -id Data.1 -selected  { {top.result[15:0]}   }
gui_list_select -id Data.1 -selected  { {top.unnamed$$_2}   }
gui_list_select -id Data.1 -selected  { {top.unnamed$$_15}   }
gui_list_action -id  Data.1 {top.unnamed$$_15}
gui_list_add -id Wave.1 -from Data.1 { {top.unnamed$$_15} } -insertionbar
gui_sim_restart
gui_sim_continue  
gui_wv_scroll_hslidermove -id  Wave.1 2245
gui_wv_scroll_vslidermove -id  Wave.1 167
gui_wv_scroll_vslidermove -id  Wave.1 23
gui_marker_move -id  Wave.1 C1 875
gui_wv_scroll_hslidermove -id  Wave.1 1298
gui_marker_move -id  Wave.1 C1 655
gui_wv_scroll_vslidermove -id  Wave.1 149
gui_sim_restart -build /afs/ece.cmu.edu/usr/bflores/341/p3/work/simv.daidir/vcs_rebuild
gui_list_select -id Wave.1 -selected  { {top.unnamed$$_15}   }
gui_sim_continue  
gui_wv_scroll_hslidermove -id  Wave.1 1405
gui_wv_scroll_vslidermove -id  Wave.1 40
gui_wv_scroll_hslidermove -id  Wave.1 1479
gui_wv_scroll_vslidermove -id  Wave.1 21
gui_wv_scroll_hslidermove -id  Wave.1 1274
gui_sim_restart -build /afs/ece.cmu.edu/usr/bflores/341/p3/work/simv.daidir/vcs_rebuild
gui_sim_continue  
gui_wv_scroll_hslidermove -id  Wave.1 1436
gui_wv_scroll_vslidermove -id  Wave.1 3
gui_sim_restart -build /afs/ece.cmu.edu/usr/bflores/341/p3/work/simv.daidir/vcs_rebuild
gui_sim_continue  
gui_wv_scroll_hslidermove -id  Wave.1 1863
gui_wv_scroll_hslidermove -id  Wave.1 1891
gui_wv_scroll_vslidermove -id  Wave.1 113
gui_marker_move -id  Wave.1 C1 875
gui_wv_scroll_vslidermove -id  Wave.1 22
gui_wv_scroll_hslidermove -id  Wave.1 1302
gui_sim_restart -build /afs/ece.cmu.edu/usr/bflores/341/p3/work/simv.daidir/vcs_rebuild
gui_sim_continue  
gui_wv_scroll_hslidermove -id  Wave.1 1312
gui_close_window -window Wave.1
