iMPACT Version: 
iMPACT log file Started on Tue Mar 15 17:58:42 2011

// *** BATCH CMD : setMode -bs
// *** BATCH CMD : setMode -bs
GUI --- Auto connect to cable...
// *** BATCH CMD : setCable -port auto
AutoDetecting cable. Please wait.
PROGRESS_START - Starting Operation.
Connecting to cable (Parallel Port - LPT1).
Checking cable driver.
 Driver windrvr6.sys version = 8.1.0.0. WinDriver v8.10 Jungo (c) 1997 - 2006 Build Date: Aug 15 2006 X86 32bit SYS14:21:34, version = 810.
 LPT base address = 0378h.
 ECP base address = 0778h.
Cable connection established.
PROGRESS_END - End Operation.
Elapsed time =      0 sec.
Attempting to identify devices in the boundary-scan chain configuration...// *** BATCH CMD : Identify 
PROGRESS_START - Starting Operation.
Identifying chain contents ....'1': : Manufacturer's ID =Xilinx xcf02s, Version : 0
INFO:iMPACT:1777 - 
   Reading C:/Xilinx91i/xcf/data/xcf02s.bsd...
INFO:iMPACT:501 - '1': Added Device xcf02s successfully.
----------------------------------------------------------------------
----------------------------------------------------------------------
'2': : Manufacturer's ID =Xilinx xc3s200, Version : 0
INFO:iMPACT:1777 - 
   Reading C:/Xilinx91i/spartan3/data/xc3s200.bsd...
INFO:iMPACT:501 - '1': Added Device xc3s200 successfully.
----------------------------------------------------------------------
----------------------------------------------------------------------
done.
PROGRESS_END - End Operation.
Elapsed time =      0 sec.
// *** BATCH CMD : identifyMPM 
// *** BATCH CMD : assignFile -p 1 -file "C:/Documents andSettings/bflores/Desktop/Lab3a/work/myFPGA010/top1.bit"
'1': Loading file 'C:/Documents andSettings/bflores/Desktop/Lab3a/work/myFPGA010/top1.bit' ...
done.
WARNING:iMPACT:2257 - Startup Clock has been changed to 'JtagClk' in the   bitstream stored in memory,
   but the original bitstream file remains unchanged.
INFO:iMPACT:501 - '1': Added Device xc3s200 successfully.
----------------------------------------------------------------------
----------------------------------------------------------------------
----------------------------------------------------------------------
----------------------------------------------------------------------
// *** BATCH CMD : Program -p 1 -defaultVersion 0 
Maximum TCK operating frequency for this device chain: 0.
Validating chain...
Boundary-scan chain validated successfully.
'1': Programming device...
PROGRESS_START - Starting Operation.
done.
'1': Reading status register contents...
CRC error                                         :         0
RESERVED                                          :         0
DCM locked                                        :         1
DCI Matched                                       :         1
legacy input error                                :         0
status of GTS_CFG_B                               :         0
status of GWE                                     :         0
status of GHIGH                                   :         1
value of MODE pin M0                              :         0
value of MODE pin M1                              :         0
value of MODE pin M2                              :         0
value of CFG_RDY (INIT_B)                         :         1
DONEIN input from DONE pin                        :         0
ID_ERROR                                          :         0
RESERVED                                          :         0
RESERVED                                          :         0
INFO:iMPACT:2219 - Status register values:
INFO:iMPACT - 0011 0001 0001 0000 0000 0000 0000 0000 
INFO:iMPACT:579 - '1': Completed downloading bit file to device.
INFO:iMPACT - '1': Checking done pin....done.
'1': Programming terminated. DONE did not go high.
PROGRESS_END - End Operation.
Elapsed time =      5 sec.
// *** BATCH CMD : Program -p 1 -defaultVersion 0 
Maximum TCK operating frequency for this device chain: 0.
Validating chain...
Boundary-scan chain validated successfully.
'1': Programming device...
PROGRESS_START - Starting Operation.
done.
'1': Reading status register contents...
CRC error                                         :         0
RESERVED                                          :         0
DCM locked                                        :         0
DCI Matched                                       :         0
legacy input error                                :         0
status of GTS_CFG_B                               :         0
status of GWE                                     :         0
status of GHIGH                                   :         0
value of MODE pin M0                              :         0
value of MODE pin M1                              :         0
value of MODE pin M2                              :         0
value of CFG_RDY (INIT_B)                         :         0
DONEIN input from DONE pin                        :         0
ID_ERROR                                          :         0
RESERVED                                          :         0
RESERVED                                          :         0
INFO:iMPACT:2219 - Status register values:
INFO:iMPACT - 0000 0000 0000 0000 0000 0000 0000 0000 
INFO:iMPACT:579 - '1': Completed downloading bit file to device.
INFO:iMPACT - '1': Checking done pin....done.
'1': Programmed successfully.
PROGRESS_END - End Operation.
Elapsed time =      5 sec.
// *** BATCH CMD : Program -p 1 -defaultVersion 0 
Maximum TCK operating frequency for this device chain: 0.
Validating chain...
Boundary-scan chain validated successfully.
'1': Programming device...
PROGRESS_START - Starting Operation.
done.
'1': Reading status register contents...
CRC error                                         :         0
RESERVED                                          :         0
DCM locked                                        :         1
DCI Matched                                       :         1
legacy input error                                :         0
status of GTS_CFG_B                               :         0
status of GWE                                     :         0
status of GHIGH                                   :         1
value of MODE pin M0                              :         0
value of MODE pin M1                              :         0
value of MODE pin M2                              :         0
value of CFG_RDY (INIT_B)                         :         1
DONEIN input from DONE pin                        :         0
ID_ERROR                                          :         0
RESERVED                                          :         0
RESERVED                                          :         0
INFO:iMPACT:2219 - Status register values:
INFO:iMPACT - 0011 0001 0001 0000 0000 0000 0000 0000 
INFO:iMPACT:579 - '1': Completed downloading bit file to device.
INFO:iMPACT - '1': Checking done pin....done.
'1': Programming terminated. DONE did not go high.
PROGRESS_END - End Operation.
Elapsed time =      5 sec.
// *** BATCH CMD : Program -p 1 -defaultVersion 0 
Maximum TCK operating frequency for this device chain: 0.
Validating chain...
Boundary-scan chain validated successfully.
PROGRESS_START - Starting Operation.
'1': Programming device...
done.
'1': Reading status register contents...
CRC error                                         :         0
RESERVED                                          :         0
DCM locked                                        :         1
DCI Matched                                       :         1
legacy input error                                :         0
status of GTS_CFG_B                               :         0
status of GWE                                     :         0
status of GHIGH                                   :         1
value of MODE pin M0                              :         0
value of MODE pin M1                              :         0
value of MODE pin M2                              :         0
value of CFG_RDY (INIT_B)                         :         1
DONEIN input from DONE pin                        :         0
ID_ERROR                                          :         0
RESERVED                                          :         0
RESERVED                                          :         0
INFO:iMPACT:2219 - Status register values:
INFO:iMPACT - 0011 0001 0001 0000 0000 0000 0000 0000 
INFO:iMPACT:579 - '1': Completed downloading bit file to device.
INFO:iMPACT - '1': Checking done pin....done.
'1': Programming terminated. DONE did not go high.
PROGRESS_END - End Operation.
Elapsed time =      5 sec.
// *** BATCH CMD : setMode -bs
// *** BATCH CMD : deleteDevice -position 2
----------------------------------------------------------------------
// *** BATCH CMD : deleteDevice -position 1
