Loading db file '/afs/ece/class/ece341/setup/Artisan/typical.db'
Information: Propagating switching activity (low effort zero delay simulation). (PWR-6)
Warning: Design has unannotated primary inputs. (PWR-414)
Warning: Design has unannotated sequential cell outputs. (PWR-415)
 
****************************************
Report : power
        -analysis_effort low
Design : priQueue
Version: Z-2007.03-SP5
Date   : Wed Nov 14 00:05:18 2012
****************************************


Library(s) Used:

    typical (File: /afs/ece/class/ece341/setup/Artisan/typical.db)


Operating Conditions: typical   Library: typical
Wire Load Model Mode: top


Global Operating Voltage = 1.8  
Power-specific unit information :
    Voltage Units = 1V
    Capacitance Units = 1.000000pf
    Time Units = 1ns
    Dynamic Power Units = 1mW    (derived from V,C,T units)
    Leakage Power Units = 1pW


  Cell Internal Power  =  52.8223 uW   (81%)
  Net Switching Power  =  12.7069 uW   (19%)
                         ---------
Total Dynamic Power    =  65.5292 uW  (100%)

Cell Leakage Power     =   2.8954 nW

1
