--------------------------------------------------------------------------------
Release 9.1.03i Trace 
Copyright (c) 1995-2007 Xilinx, Inc.  All rights reserved.

C:\Xilinx91i\bin\nt\trce.exe -ise
C:/Documents and Settings/bflores/Desktop/Lab3a/work/MyArt/MyArt.ise -intstyle
ise -e 3 -s 5 -xml top1 top1.ncd -o top1.twr top1.pcf -ucf top1.ucf

Design file:              top1.ncd
Physical constraint file: top1.pcf
Device,package,speed:     xc3s200,ft256,-5 (PRODUCTION 1.39 2006-10-19)
Report level:             error report

Environment Variable      Effect 
--------------------      ------ 
NONE                      No environment variables were set
--------------------------------------------------------------------------------

INFO:Timing:2698 - No timing constraints found, doing default enumeration.
INFO:Timing:2752 - To get complete path coverage, use the unconstrained paths 
   option. All paths that are not constrained will be reported in the 
   unconstrained paths section(s) of the report.
INFO:Timing:3339 - The clock-to-out numbers in this timing report are based on 
   a 50 Ohm transmission line loading model.  For the details of this model, 
   and for more information on accounting for different loading conditions, 
   please see the device datasheet.



Data Sheet report:
-----------------
All values displayed in nanoseconds (ns)

Setup/Hold to clock clk
------------+------------+------------+------------------+--------+
            |  Setup to  |  Hold to   |                  | Clock  |
Source      | clk (edge) | clk (edge) |Internal Clock(s) | Phase  |
------------+------------+------------+------------------+--------+
rst         |    0.563(R)|    3.457(R)|n_84              |   0.000|
------------+------------+------------+------------------+--------+

Clock clk to Pad
----------------------+------------+------------------+--------+
                      | clk (edge) |                  | Clock  |
Destination           |   to PAD   |Internal Clock(s) | Phase  |
----------------------+------------+------------------+--------+
c_move[0]             |   12.332(R)|n_84              |   0.000|
c_move[1]             |   12.822(R)|n_84              |   0.000|
c_move[2]             |   12.149(R)|n_84              |   0.000|
c_move[3]             |   12.371(R)|n_84              |   0.000|
displayA              |    9.137(R)|n_84              |   0.000|
sevenSegmentDisplay[0]|    9.138(R)|n_84              |   0.000|
sevenSegmentDisplay[1]|    9.138(R)|n_84              |   0.000|
sevenSegmentDisplay[2]|   11.460(R)|n_84              |   0.000|
sevenSegmentDisplay[3]|    9.138(R)|n_84              |   0.000|
sevenSegmentDisplay[4]|   11.071(R)|n_84              |   0.000|
sevenSegmentDisplay[5]|   11.692(R)|n_84              |   0.000|
sevenSegmentDisplay[6]|    9.137(R)|n_84              |   0.000|
sevenSegmentDisplay[7]|   11.183(R)|n_84              |   0.000|
----------------------+------------+------------------+--------+

Clock to Setup on destination clock clk
---------------+---------+---------+---------+---------+
               | Src:Rise| Src:Fall| Src:Rise| Src:Fall|
Source Clock   |Dest:Rise|Dest:Rise|Dest:Fall|Dest:Fall|
---------------+---------+---------+---------+---------+
clk            |    4.948|         |         |         |
h_move[0]      |         |    1.362|         |         |
h_move[1]      |         |    1.362|         |         |
h_move[2]      |         |    1.362|         |         |
h_move[3]      |         |    1.362|         |         |
---------------+---------+---------+---------+---------+

Clock to Setup on destination clock h_move[0]
---------------+---------+---------+---------+---------+
               | Src:Rise| Src:Fall| Src:Rise| Src:Fall|
Source Clock   |Dest:Rise|Dest:Rise|Dest:Fall|Dest:Fall|
---------------+---------+---------+---------+---------+
clk            |         |         |    2.878|         |
h_move[0]      |         |         |    0.969|    0.969|
h_move[1]      |         |         |   -0.029|   -0.029|
h_move[2]      |         |         |   -0.134|   -0.134|
h_move[3]      |         |         |   -0.076|   -0.076|
---------------+---------+---------+---------+---------+

Clock to Setup on destination clock h_move[1]
---------------+---------+---------+---------+---------+
               | Src:Rise| Src:Fall| Src:Rise| Src:Fall|
Source Clock   |Dest:Rise|Dest:Rise|Dest:Fall|Dest:Fall|
---------------+---------+---------+---------+---------+
clk            |         |         |    2.878|         |
h_move[0]      |         |         |    2.058|    2.058|
h_move[1]      |         |         |    1.060|    1.060|
h_move[2]      |         |         |    0.955|    0.955|
h_move[3]      |         |         |    1.013|    1.013|
---------------+---------+---------+---------+---------+

Clock to Setup on destination clock h_move[2]
---------------+---------+---------+---------+---------+
               | Src:Rise| Src:Fall| Src:Rise| Src:Fall|
Source Clock   |Dest:Rise|Dest:Rise|Dest:Fall|Dest:Fall|
---------------+---------+---------+---------+---------+
clk            |         |         |    2.878|         |
h_move[0]      |         |         |    2.392|    2.392|
h_move[1]      |         |         |    1.394|    1.394|
h_move[2]      |         |         |    1.289|    1.289|
h_move[3]      |         |         |    1.347|    1.347|
---------------+---------+---------+---------+---------+

Clock to Setup on destination clock h_move[3]
---------------+---------+---------+---------+---------+
               | Src:Rise| Src:Fall| Src:Rise| Src:Fall|
Source Clock   |Dest:Rise|Dest:Rise|Dest:Fall|Dest:Fall|
---------------+---------+---------+---------+---------+
clk            |         |         |    2.878|         |
h_move[0]      |         |         |    1.804|    1.804|
h_move[1]      |         |         |    0.806|    0.806|
h_move[2]      |         |         |    0.701|    0.701|
h_move[3]      |         |         |    0.759|    0.759|
---------------+---------+---------+---------+---------+


Analysis completed Tue Mar 15 18:56:13 2011 
--------------------------------------------------------------------------------

Trace Settings:
-------------------------
Trace Settings 

Peak Memory Usage: 85 MB



