# Preference setting overrides
gui_create_pref_key -category {Globals} -key {load_detail_for_funcov} -value_type {bool} -value {false}
gui_create_pref_key -category {Hier} -key {showPowerSwitch} -value_type {bool} -value {false}
gui_create_pref_category -category {dlg_settings}
gui_create_pref_key -category {dlg_settings} -key {tableWithImmediatePopup} -value_type {bool} -value {true}
gui_create_pref_category -category {schem_obj_name}
gui_create_pref_key -category {schem_obj_name} -key {show_cell_and_pin_with_symbol_name} -value_type {bool} -value {false}
gui_create_pref_key -category {schem_pin_hc} -key {textExtFont} -value_type {string} -value {Helvetica,10,-1,5,50,0,0,0,0,0}

# State setting overrides
gui_state_default_create -off -ini
gui_set_state_value -category Globals -key &Trace_toolbar -value false
gui_set_state_value -category Globals -key open_list_inside -value true
gui_set_state_value -category Globals -key open_wave_inside -value true
gui_set_state_value -category Globals -key recent_databases -value {{gui_open_db -file /afs/ece.cmu.edu/usr/bflores/341/p4/ham_sythesis/medium/netlist_hm.sv -design V1}}
gui_set_state_value -category Globals -key recent_sessions -value {{gui_load_session -file /afs/ece.cmu.edu/usr/bflores/341/p5/session.inter.vpd.tcl -ignore_errors} {gui_load_session -file /afs/ece.cmu.edu/usr/bflores/341/p5/session.inter.vpd.tcl} {gui_load_session -file /afs/ece.cmu.edu/usr/bflores/341/p5/session2.inter.vpd.tcl -ignore_errors} {gui_load_session -file /afs/ece.cmu.edu/usr/bflores/341/hw2/session.inter.vpd.tcl -ignore_errors} {gui_load_session -file /afs/ece.cmu.edu/usr/bflores/341/p5/session2.inter.vpd.tcl}}
gui_set_state_value -category Layout -key child_console_size_x -value 1365
gui_set_state_value -category Layout -key child_console_size_y -value 153
gui_set_state_value -category Layout -key child_data_coltype -value 404
gui_set_state_value -category Layout -key child_data_colvalue -value 333
gui_set_state_value -category Layout -key child_data_colvariable -value 452
gui_set_state_value -category Layout -key child_data_docknewline -value false
gui_set_state_value -category Layout -key child_data_dockstate -value undocked
gui_set_state_value -category Layout -key child_data_pos_x -value {-2}
gui_set_state_value -category Layout -key child_data_pos_y -value {-15}
gui_set_state_value -category Layout -key child_data_showstate -value maximized
gui_set_state_value -category Layout -key child_data_size_x -value 1199
gui_set_state_value -category Layout -key child_data_size_y -value 448
gui_set_state_value -category Layout -key child_driver_showstate -value normal
gui_set_state_value -category Layout -key child_driver_size_x -value 1093
gui_set_state_value -category Layout -key child_driver_size_y -value 179
gui_set_state_value -category Layout -key child_group_size_x -value 213
gui_set_state_value -category Layout -key child_group_size_y -value 409
gui_set_state_value -category Layout -key child_hier_colhier -value 150
gui_set_state_value -category Layout -key child_hier_coltype -value 21
gui_set_state_value -category Layout -key child_hier_docknewline -value false
gui_set_state_value -category Layout -key child_hier_size_x -value 170
gui_set_state_value -category Layout -key child_hier_size_y -value 453
gui_set_state_value -category Layout -key child_hier_sort_order -value 1
gui_set_state_value -category Layout -key child_list_docknewline -value false
gui_set_state_value -category Layout -key child_list_down -value 136
gui_set_state_value -category Layout -key child_list_pos_x -value 2
gui_set_state_value -category Layout -key child_list_pos_y -value 2
gui_set_state_value -category Layout -key child_list_right -value 631
gui_set_state_value -category Layout -key child_list_showstate -value normal
gui_set_state_value -category Layout -key child_list_size_x -value 791
gui_set_state_value -category Layout -key child_list_size_y -value 281
gui_set_state_value -category Layout -key child_schematic_docknewline -value false
gui_set_state_value -category Layout -key child_schematic_pos_x -value {-2}
gui_set_state_value -category Layout -key child_schematic_pos_y -value {-15}
gui_set_state_value -category Layout -key child_schematic_size_x -value 1047
gui_set_state_value -category Layout -key child_schematic_size_y -value 485
gui_set_state_value -category Layout -key child_source_docknewline -value false
gui_set_state_value -category Layout -key child_source_pos_x -value {-2}
gui_set_state_value -category Layout -key child_source_pos_y -value {-15}
gui_set_state_value -category Layout -key child_source_size_x -value 1199
gui_set_state_value -category Layout -key child_source_size_y -value 448
gui_set_state_value -category Layout -key child_watch_size_x -value 1091
gui_set_state_value -category Layout -key child_watch_size_y -value 193
gui_set_state_value -category Layout -key child_wave_colname -value 138
gui_set_state_value -category Layout -key child_wave_colvalue -value 68
gui_set_state_value -category Layout -key child_wave_docknewline -value false
gui_set_state_value -category Layout -key child_wave_left -value 210
gui_set_state_value -category Layout -key child_wave_pos_x -value {-2}
gui_set_state_value -category Layout -key child_wave_pos_y -value {-15}
gui_set_state_value -category Layout -key child_wave_right -value 979
gui_set_state_value -category Layout -key child_wave_size_x -value 1199
gui_set_state_value -category Layout -key child_wave_size_y -value 448
gui_set_state_value -category Layout -key main_pos_x -value 0
gui_set_state_value -category Layout -key main_pos_y -value 22
gui_set_state_value -category Layout -key main_size_x -value 1365
gui_set_state_value -category Layout -key main_size_y -value 727
gui_set_state_value -category Layout -key stand_wave_child_docknewline -value false
gui_set_state_value -category Layout -key stand_wave_child_pos_x -value {-2}
gui_set_state_value -category Layout -key stand_wave_child_pos_y -value {-15}
gui_set_state_value -category Layout -key stand_wave_child_size_x -value 853
gui_set_state_value -category Layout -key stand_wave_child_size_y -value 370
gui_set_state_value -category Layout -key stand_wave_top_pos_x -value 255
gui_set_state_value -category Layout -key stand_wave_top_pos_y -value 274
gui_set_state_value -category Layout -key stand_wave_top_size_x -value 1103
gui_set_state_value -category Layout -key stand_wave_top_size_y -value 772
gui_set_state_value -category Assertion -key failures_limit -value {-1}
gui_set_state_value -category Assertion -key incompletes_limit -value {-1}
gui_set_state_value -category Assertion -key matches_limit -value {-1}
gui_set_state_value -category Assertion -key mismatches_limit -value {-1}
gui_set_state_value -category Assertion -key successes_limit -value {-1}
gui_set_state_value -category Driver -key driver_add_to_wave -value true
gui_create_state_key -category FindDialog -key m_pMatchCase -value_type bool -value false
gui_create_state_key -category FindDialog -key m_pMatchWord -value_type bool -value false
gui_create_state_key -category FindDialog -key m_pUseCombo -value_type string -value {}
gui_create_state_key -category FindDialog -key m_pWrapAround -value_type bool -value true
gui_create_state_key -category SearchDialog -key MatchCase -value_type bool -value false
gui_create_state_key -category SearchDialog -key MatchWord -value_type bool -value true
gui_create_state_key -category SearchDialog -key SearchMode -value_type string -value Wildcards
gui_create_state_key -category SearchDialog -key UseCombo -value_type bool -value true
gui_create_state_key -category Widget_History -key TopLevel.1|EkTopVbox|wndWorkspace|qt_workspacechild4|Wave.2|left|filterVBox|controlHBox|unnamed -value_type string -value *r
gui_create_state_key -category Widget_History -key {dlgSimSetup|m_setupTab|tab pages|BuildTab|m_rebuildBtnGroup|m_customCmdCombo} -value_type string -value {{make ./simv} {vcs -debug_all -sverilog -R ../top.sv ../node.sv ../router.sv ../TA_tb_simple.sv.e} {vcs -sverilog -R ../top.sv ../node.sv ../router.sv ../TA_tb_simple.sv.e} {vcs -debbug_all -sverilog -R ../top.sv ../node.sv ../router.sv ../TA_tb_simple.sv.e}}
gui_create_state_key -category Widget_History -key {dlgSimSetup|m_setupTab|tab pages|BuildTab|m_rebuildBtnGroup|m_customDirCombo} -value_type string -value /afs/ece.cmu.edu/usr/bflores/341/p2/work/
gui_create_state_key -category Widget_History -key {dlgSimSetup|m_setupTab|tab pages|SimTab|m_VPDCombo} -value_type string -value inter.vpd
gui_create_state_key -category Widget_History -key {dlgSimSetup|m_setupTab|tab pages|SimTab|m_argsCombo} -value_type string -value {{ -ucligui} {-ucligui }}
gui_create_state_key -category Widget_History -key {dlgSimSetup|m_setupTab|tab pages|SimTab|m_curDirCombo} -value_type string -value {/afs/ece.cmu.edu/usr/bflores/341/p5 /afs/ece.cmu.edu/usr/bflores/341/hw2 /afs/ece.cmu.edu/usr/yinggeg/Public/p5 /afs/ece.cmu.edu/usr/bflores/341/p4/mywork /afs/ece.cmu.edu/usr/bflores/341/p3/work}
gui_create_state_key -category Widget_History -key {dlgSimSetup|m_setupTab|tab pages|SimTab|m_exeCombo} -value_type string -value {/afs/ece.cmu.edu/usr/bflores/341/p5/simv ./simv /afs/ece.cmu.edu/usr/bflores/341/hw2/simv /afs/ece.cmu.edu/usr/yinggeg/Public/p5/simv /afs/ece.cmu.edu/usr/bflores/341/p4/mywork/simv}
gui_state_default_create -off

# Begin command logging
gui_sim_run Ucli -exe ./simv -args {-ucligui  } -dir .
gui_list_select -id Data.1 -selected  { {top.state[4:0]}   }
gui_list_expand -id  Hier.1   top
gui_list_select -id Hier.1 -selected  { top.t   }
gui_list_select_all -id Data.1
gui_list_select -id Data.1 -selected  {  }
gui_list_select_all -id Data.1
gui_open_window Wave
gui_list_add -id Wave.1 -from Data.1 { {top.t.state[4:0]} top.t.clk {top.t.i[2:0]} {top.t.count[2:0]} } -insertionbar
gui_sim_continue  
gui_marker_move -id  Wave.1 C1 28
gui_marker_move -id  Wave.1 C1 50
gui_marker_move -id  Wave.1 C1 39
gui_marker_move -id  Wave.1 C1 24
gui_marker_move -id  Wave.1 C1 64
gui_marker_move -id  Wave.1 C1 81
gui_marker_select -id  Wave.1 { C1 }
gui_marker_move -id  Wave.1 C1 80
gui_marker_move -id  Wave.1 C1 47
gui_marker_move -id  Wave.1 C1 28
gui_marker_move -id  Wave.1 C1 33
gui_marker_move -id  Wave.1 C1 45
gui_marker_move -id  Wave.1 C1 68
gui_marker_move -id  Wave.1 C1 84
