Loading db file '/afs/ece/class/ece341/setup/Artisan/typical.db'
Information: Propagating switching activity (low effort zero delay simulation). (PWR-6)
Warning: Design has unannotated primary inputs. (PWR-414)
Warning: Design has unannotated sequential cell outputs. (PWR-415)
 
****************************************
Report : power
        -analysis_effort low
Design : priQueue
Version: Z-2007.03-SP5
Date   : Wed Nov 14 00:13:27 2012
****************************************


Library(s) Used:

    typical (File: /afs/ece/class/ece341/setup/Artisan/typical.db)


Operating Conditions: typical   Library: typical
Wire Load Model Mode: top


Global Operating Voltage = 1.8  
Power-specific unit information :
    Voltage Units = 1V
    Capacitance Units = 1.000000pf
    Time Units = 1ns
    Dynamic Power Units = 1mW    (derived from V,C,T units)
    Leakage Power Units = 1pW


  Cell Internal Power  =  51.5477 uW   (83%)
  Net Switching Power  =  10.8015 uW   (17%)
                         ---------
Total Dynamic Power    =  62.3492 uW  (100%)

Cell Leakage Power     =   2.8188 nW

1
