Loading db file '/afs/ece/class/ece341/setup/Artisan/typical.db'
Information: Propagating switching activity (low effort zero delay simulation). (PWR-6)
Warning: Design has unannotated primary inputs. (PWR-414)
Warning: Design has unannotated sequential cell outputs. (PWR-415)
 
****************************************
Report : power
        -analysis_effort low
Design : priQueue
Version: Z-2007.03-SP5
Date   : Tue Nov 13 04:46:40 2012
****************************************


Library(s) Used:

    typical (File: /afs/ece/class/ece341/setup/Artisan/typical.db)


Operating Conditions: typical   Library: typical
Wire Load Model Mode: top


Global Operating Voltage = 1.8  
Power-specific unit information :
    Voltage Units = 1V
    Capacitance Units = 1.000000pf
    Time Units = 1ns
    Dynamic Power Units = 1mW    (derived from V,C,T units)
    Leakage Power Units = 1pW


  Cell Internal Power  =  80.8292 uW   (71%)
  Net Switching Power  =  32.4943 uW   (29%)
                         ---------
Total Dynamic Power    = 113.3235 uW  (100%)

Cell Leakage Power     =   5.9273 nW

1
