Release 9.1.03i Map J.33
Xilinx Mapping Report File for Design 'top1'

Design Information
------------------
Command Line   : C:\Xilinx91i\bin\nt\map.exe -ise C:/Documents and
Settings/bflores/Desktop/Lab3a/work/myF/myF.ise -intstyle ise -p xc3s200-ft256-5
-cm area -pr b -k 4 -c 100 -o top1_map.ncd top1(.ngd top1.pcf 
Target Device  : xc3s200
Target Package : ft256
Target Speed   : -5
Mapper Version : spartan3 -- $Revision: 1.36 $
Mapped Date    : Tue Mar 15 18:16:56 2011

Design Summary
--------------
Number of errors:      0
Number of warnings:    3
Logic Utilization:
  Total Number Slice Registers:        26 out of   3,840    1%
    Number used as Flip Flops:                    23
    Number used as Latches:                        3
  Number of 4 input LUTs:              55 out of   3,840    1%
Logic Distribution:
  Number of occupied Slices:                           42 out of   1,920    2%
    Number of Slices containing only related logic:      42 out of      42  100%
    Number of Slices containing unrelated logic:          0 out of      42    0%
      *See NOTES below for an explanation of the effects of unrelated logic
Total Number of 4 input LUTs:             72 out of   3,840    1%
  Number used as logic:                 55
  Number used as a route-thru:          17
  Number of bonded IOBs:               25 out of     173   14%
    IOB Flip Flops:                     9
  Number of GCLKs:                     2 out of       8   25%

Total equivalent gate count for design:  706
Additional JTAG gate count for IOBs:  1,200
Peak Memory Usage:  142 MB
Total REAL time to MAP completion:  1 secs 
Total CPU time to MAP completion:   0 secs 

NOTES:

   Related logic is defined as being logic that shares connectivity - e.g. two
   LUTs are "related" if they share common inputs.  When assembling slices,
   Map gives priority to combine logic that is related.  Doing so results in
   the best timing performance.

   Unrelated logic shares no connectivity.  Map will only begin packing
   unrelated logic into a slice once 99% of the slices are occupied through
   related logic packing.

   Note that once logic distribution reaches the 99% level through related
   logic packing, this does not mean the device is completely utilized.
   Unrelated logic packing will then begin, continuing until all usable LUTs
   and FFs are occupied.  Depending on your timing budget, increased levels of
   unrelated logic packing may adversely affect the overall timing performance
   of your design.

Table of Contents
-----------------
Section 1 - Errors
Section 2 - Warnings
Section 3 - Informational
Section 4 - Removed Logic Summary
Section 5 - Removed Logic
Section 6 - IOB Properties
Section 7 - RPMs
Section 8 - Guide Report
Section 9 - Area Group and Partition Summary
Section 10 - Modular Design Summary
Section 11 - Timing Report
Section 12 - Configuration String Information
Section 13 - Control Set Information

Section 1 - Errors
------------------

Section 2 - Warnings
--------------------
WARNING:LIT:243 - Logical network c_move(3) has no load.
WARNING:LIT:395 - The above warning message base_net_load_rule is repeated 3
   more times for the following (max. 5 shown):
   c_move(2),
   c_move(1),
   c_move(0)
   To see the details of these warning messages, please use the -detail switch.
WARNING:PhysDesignRules:372 - Gated clock. Clock net n_38 is sourced by a
   combinatorial pin. This is not good design practice. Use the CE pin to
   control the loading of data into the flip-flop.

Section 3 - Informational
-------------------------
INFO:MapLib:562 - No environment variables are currently set.
INFO:MapLib:863 - The following Virtex BUFG(s) is/are being retargeted to
   Virtex2 BUFGMUX(s) with input tied to I0 and Select pin tied to constant 0:
   BUFG symbol "i_89" (output signal=n_89),
   BUFG symbol "i_90" (output signal=n_90)
INFO:LIT:244 - All of the single ended outputs in this design are using slew
   rate limited output drivers. The delay on speed critical single ended outputs
   can be dramatically reduced by designating them as fast outputs in the
   schematic.

Section 4 - Removed Logic Summary
---------------------------------
   2 block(s) optimized away

Section 5 - Removed Logic
-------------------------

Optimized Block(s):
TYPE 		BLOCK
GND 		i_116
VCC 		i_117

To enable printing of redundant blocks removed and signals merged, set the
detailed map report option and rerun map.

Section 6 - IOB Properties
--------------------------

+------------------------------------------------------------------------------------------------------------------------+
| IOB Name                           | Type    | Direction | IO Standard | Drive    | Slew | Reg (s)  | Resistor | IOB   |
|                                    |         |           |             | Strength | Rate |          |          | Delay |
+------------------------------------------------------------------------------------------------------------------------+
| clk                                | IOB     | INPUT     | LVCMOS25    |          |      |          |          |       |
| clock                              | IOB     | INPUT     | LVCMOS25    |          |      |          |          |       |
| displayA                           | IOB     | OUTPUT    | LVCMOS25    | 12       | SLOW | OFF1     |          |       |
| displayValuesA[0]                  | IOB     | OUTPUT    | LVCMOS25    | 12       | SLOW |          |          |       |
| displayValuesA[1]                  | IOB     | OUTPUT    | LVCMOS25    | 12       | SLOW |          |          |       |
| displayValuesA[2]                  | IOB     | OUTPUT    | LVCMOS25    | 12       | SLOW |          |          |       |
| displayValuesA[3]                  | IOB     | OUTPUT    | LVCMOS25    | 12       | SLOW |          |          |       |
| displayValuesA[4]                  | IOB     | OUTPUT    | LVCMOS25    | 12       | SLOW |          |          |       |
| displayValuesA[5]                  | IOB     | OUTPUT    | LVCMOS25    | 12       | SLOW |          |          |       |
| displayValuesA[6]                  | IOB     | OUTPUT    | LVCMOS25    | 12       | SLOW |          |          |       |
| displayValuesA[7]                  | IOB     | OUTPUT    | LVCMOS25    | 12       | SLOW |          |          |       |
| h_move[0]                          | IOB     | INPUT     | LVCMOS25    |          |      |          |          |       |
| h_move[1]                          | IOB     | INPUT     | LVCMOS25    |          |      |          |          |       |
| h_move[2]                          | IOB     | INPUT     | LVCMOS25    |          |      |          |          |       |
| h_move[3]                          | IOB     | INPUT     | LVCMOS25    |          |      |          |          |       |
| reset                              | IOB     | INPUT     | LVCMOS25    |          |      |          |          |       |
| rst                                | IOB     | INPUT     | LVCMOS25    |          |      |          |          |       |
| sevenSegmentDisplay[0]             | IOB     | OUTPUT    | LVCMOS25    | 12       | SLOW | OFF1     |          |       |
| sevenSegmentDisplay[1]             | IOB     | OUTPUT    | LVCMOS25    | 12       | SLOW | OFF1     |          |       |
| sevenSegmentDisplay[2]             | IOB     | OUTPUT    | LVCMOS25    | 12       | SLOW | OFF1     |          |       |
| sevenSegmentDisplay[3]             | IOB     | OUTPUT    | LVCMOS25    | 12       | SLOW | OFF1     |          |       |
| sevenSegmentDisplay[4]             | IOB     | OUTPUT    | LVCMOS25    | 12       | SLOW | OFF1     |          |       |
| sevenSegmentDisplay[5]             | IOB     | OUTPUT    | LVCMOS25    | 12       | SLOW | OFF1     |          |       |
| sevenSegmentDisplay[6]             | IOB     | OUTPUT    | LVCMOS25    | 12       | SLOW | OFF1     |          |       |
| sevenSegmentDisplay[7]             | IOB     | OUTPUT    | LVCMOS25    | 12       | SLOW | OFF1     |          |       |
+------------------------------------------------------------------------------------------------------------------------+

Section 7 - RPMs
----------------

Section 8 - Guide Report
------------------------
Guide not run on this design.

Section 9 - Area Group and Partition Summary
--------------------------------------------

Partition Implementation Status
-------------------------------

  No Partitions were found in this design.

-------------------------------

Area Group Information
----------------------

  No area groups were found in this design.


----------------------

Section 10 - Modular Design Summary
-----------------------------------
Modular Design not used for this design.

Section 11 - Timing Report
--------------------------
This design was not run using timing mode.

Section 12 - Configuration String Details
-----------------------------------------
Use the "-detail" map option to print out Configuration Strings

Section 13 - Control Set Information
------------------------------------
No control set information for this architecture.
